<?xml version="1.0" encoding="UTF-8"?>
<!-- Generated by org.testng.reporters.JUnitReportReporter -->
<testsuite hostname="Neelima" failures="0" tests="1" name="com.TestNG.TestNGBasic" time="0.014" errors="0" timestamp="2025-02-07T12:01:41 IST" skipped="0">
  <testcase classname="com.TestNG.TestNGBasic" name="TestMethod" time="0.014"/>
  <system-out/>
</testsuite> <!-- com.TestNG.TestNGBasic -->
